<?xml version="1.0" encoding="UTF-8"?>
<testsuite xmlns:xsi="http://www.w3.org/2001/XMLSchema-instance" xsi:noNamespaceSchemaLocation="https://maven.apache.org/surefire/maven-surefire-plugin/xsd/surefire-test-report.xsd" name="com.parkit.parkingsystem.FareCalculatorServiceTest" time="0.489" tests="25" errors="0" skipped="0" failures="0">
  <properties>
[...]
</properties>
  <testcase name="testCalculateFareWithInTimeNull" classname="com.parkit.parkingsystem.FareCalculatorServiceTest" time="0.035"/>
  <testcase name="testCalculateFareBikeExactly30Minutes" classname="com.parkit.parkingsystem.FareCalculatorServiceTest" time="0.002"/>
  <testcase name="testCalculateFareWithZeroDuration" classname="com.parkit.parkingsystem.FareCalculatorServiceTest" time="0.002"/>
  <testcase name="testCalculateFareCarLessThan30Minutes" classname="com.parkit.parkingsystem.FareCalculatorServiceTest" time="0"/>
  <testcase name="testCalculateFareBikeFor45MinutesWithoutDiscount" classname="com.parkit.parkingsystem.FareCalculatorServiceTest" time="0"/>
  <testcase name="testValidateTicketValid" classname="com.parkit.parkingsystem.FareCalculatorServiceTest" time="0.001"/>
  <testcase name="testValidateTicketInTimeInFuture" classname="com.parkit.parkingsystem.FareCalculatorServiceTest" time="0.001"/>
  <testcase name="testValidateTicketInTimeNull" classname="com.parkit.parkingsystem.FareCalculatorServiceTest" time="0.001"/>
  <testcase name="testCalculateFareBikeMoreThan30MinutesWithoutDiscount" classname="com.parkit.parkingsystem.FareCalculatorServiceTest" time="0.001"/>
  <testcase name="testCalculateFareWithFutureInTime" classname="com.parkit.parkingsystem.FareCalculatorServiceTest" time="0.001"/>
  <testcase name="testGetRatePerHourWithBikeType" classname="com.parkit.parkingsystem.FareCalculatorServiceTest" time="0"/>
  <testcase name="testCalculateFareWithNegativeDuration" classname="com.parkit.parkingsystem.FareCalculatorServiceTest" time="0"/>
  <testcase name="testCalculateFareBikeMoreThan30MinutesWithDiscount" classname="com.parkit.parkingsystem.FareCalculatorServiceTest" time="0.001"/>
  <testcase name="testGetRatePerHourWithCarType" classname="com.parkit.parkingsystem.FareCalculatorServiceTest" time="0"/>
  <testcase name="testCalculateFareCarFor15MinutesWithDiscount" classname="com.parkit.parkingsystem.FareCalculatorServiceTest" time="0"/>
  <testcase name="testGetRatePerHourUnknownType" classname="com.parkit.parkingsystem.FareCalculatorServiceTest" time="0.008"/>
  <testcase name="testCalculateFareWithOutTimeBeforeInTime" classname="com.parkit.parkingsystem.FareCalculatorServiceTest" time="0"/>
  <testcase name="testValidateTicketOutTimeNull" classname="com.parkit.parkingsystem.FareCalculatorServiceTest" time="0.001"/>
  <testcase name="testGetRatePerHourWithNullType" classname="com.parkit.parkingsystem.FareCalculatorServiceTest" time="0.001"/>
  <testcase name="testCalculateFareBikeLessThan30Minutes" classname="com.parkit.parkingsystem.FareCalculatorServiceTest" time="0.001"/>
  <testcase name="testValidateTicketOutTimeBeforeInTime" classname="com.parkit.parkingsystem.FareCalculatorServiceTest" time="0.002"/>
  <testcase name="testCalculateFareCarMoreThan30MinutesWithDiscount" classname="com.parkit.parkingsystem.FareCalculatorServiceTest" time="0.001"/>
  <testcase name="testCalculateFareCarExactly30Minutes" classname="com.parkit.parkingsystem.FareCalculatorServiceTest" time="0.001"/>
  <testcase name="testCalculateFareWithOutTimeNull" classname="com.parkit.parkingsystem.FareCalculatorServiceTest" time="0.002"/>
  <testcase name="testCalculateFareCarMoreThan30MinutesWithoutDiscount" classname="com.parkit.parkingsystem.FareCalculatorServiceTest" time="0"/>
</testsuite>